<?xml version="1.0" encoding="UTF-8"?>
<testsuite name="FixedMeasureServiceTest" tests="2" skipped="0" failures="0" errors="0" timestamp="2019-06-06T13:57:22" hostname="DESKTOP-SIPK1V1" time="0.004">
  <properties/>
  <testcase name="readMeasuresThrowsExceptionWhenArgIsNull" classname="FixedMeasureServiceTest" time="0.002"/>
  <testcase name="readMeasures" classname="FixedMeasureServiceTest" time="0.001"/>
  <system-out><![CDATA[]]></system-out>
  <system-err><![CDATA[]]></system-err>
</testsuite>
