<?xml version="1.0" encoding="UTF-8"?>
<testsuite name="com.training.springcore.service.RealMeasureService" tests="2" skipped="0" failures="0" errors="0" timestamp="2019-06-06T13:57:22" hostname="DESKTOP-SIPK1V1" time="0.03">
  <properties/>
  <testcase name="readMeasuresThrowsExceptionWhenArgIsNull" classname="com.training.springcore.service.RealMeasureService" time="0.024"/>
  <testcase name="readMeasures" classname="com.training.springcore.service.RealMeasureService" time="0.006"/>
  <system-out><![CDATA[]]></system-out>
  <system-err><![CDATA[]]></system-err>
</testsuite>
