<?xml version="1.0" encoding="UTF-8"?>
<testsuite name="com.training.springcore.BigCorpApplicationTest" tests="1" skipped="0" failures="0" errors="0" timestamp="2019-06-06T13:57:21" hostname="DESKTOP-SIPK1V1" time="0.602">
  <properties/>
  <testcase name="run" classname="com.training.springcore.BigCorpApplicationTest" time="0.602"/>
  <system-out><![CDATA[Init SiteServiceImpl :com.training.springcore.service.SiteServiceImpl@7394f2b2
==========================================================
Application [BigCorp application (dev)] - version : 1
plus d'informations sur https://bigcorp.com 1
==========================================================
]]></system-out>
  <system-err><![CDATA[]]></system-err>
</testsuite>
